<?xml version="1.0" encoding="UTF-8"?>
<!-- Generated by org.testng.reporters.JUnitReportReporter -->
<testsuite skipped="0" hostname="ip-172-31-21-84" name="medicarephase5project.LoginTest" tests="1" failures="0" timestamp="2021-12-08T09:03:50 UTC" time="33.137" errors="0">
  <testcase name="Login" time="33.137" classname="medicarephase5project.LoginTest"/>
  <system-out/>
</testsuite> <!-- medicarephase5project.LoginTest -->
