<?xml version="1.0" encoding="UTF-8"?>
<!-- Generated by org.testng.reporters.JUnitReportReporter -->
<testsuite skipped="0" hostname="ip-172-31-21-84" name="medicarephase5project.AdminLogin" tests="1" failures="0" timestamp="2021-12-08T09:00:18 UTC" time="47.259" errors="0">
  <testcase name="AdminLogin" time="47.259" classname="medicarephase5project.AdminLogin"/>
  <system-out/>
</testsuite> <!-- medicarephase5project.AdminLogin -->
