<?xml version="1.0" encoding="UTF-8"?>
<!-- Generated by org.testng.reporters.JUnitReportReporter -->
<testsuite skipped="0" hostname="ip-172-31-21-84" name="medicarephase5project.baseclass" tests="1" failures="0" timestamp="2021-12-04T05:33:17 UTC" time="16.524" errors="0">
  <testcase name="Login" time="16.524" classname="medicarephase5project.baseclass"/>
  <system-out/>
</testsuite> <!-- medicarephase5project.baseclass -->
